3dsstereo.cpp
bsx.cpp
fxemu.cpp
fxinst.cpp
fxdbg.cpp
c4.cpp
c4emu.cpp
soundux.cpp
spc700.cpp
apu.cpp
cpuexec.cpp
sa1cpu.cpp
hwregisters.cpp
cheats.cpp
cheats2.cpp
sdd1emu.cpp
spc7110.cpp
obc1.cpp
seta.cpp
seta010.cpp
seta011.cpp
seta018.cpp
snapshot.cpp
dsp.cpp
dsp1.cpp
dsp2.cpp
dsp3.cpp
dsp4.cpp
cpu.cpp
sa1.cpp
debug.cpp
apudebug.cpp
sdd1.cpp
tile.cpp
srtc.cpp
gfx.cpp
gfxhw.cpp
memmap.cpp
cliphw.cpp
ppu.cpp
ppuvsect.cpp
dma.cpp
data.cpp
globals.cpp
linking matbo87-snes9x_3ds.elf
3dsxtool /home/bob/projects/3ds-hax/3ds-conveersion-project/repos/matbo87-snes9x_3ds/output/matbo87-snes9x_3ds.elf /home/bob/projects/3ds-hax/3ds-conveersion-project/repos/matbo87-snes9x_3ds/output/matbo87-snes9x_3ds.3dsx --smdh=/home/bob/projects/3ds-hax/3ds-conveersion-project/repos/matbo87-snes9x_3ds/output/matbo87-snes9x_3ds.smdh --romfs=/home/bob/projects/3ds-hax/3ds-conveersion-project/repos/matbo87-snes9x_3ds/romfs
built ... matbo87-snes9x_3ds.3dsx
